# JRE version: OpenJDK Runtime Environment (8.0_212-b04) (build 1.8.0_212-release-1586-b04)
# Java VM: OpenJDK 64-Bit Server VM (25.212-b04 mixed mode windows-amd64 compressed oops)
Heap:
 PSYoungGen      total 300544K, used 187439K [0x00000000e0000000, 0x00000000f4480000, 0x0000000100000000)
  eden space 272384K, 67% used [0x00000000e0000000,0x00000000eb397918,0x00000000f0a00000)
  from space 28160K, 12% used [0x00000000f0a00000,0x00000000f0d744d0,0x00000000f2580000)
  to   space 29696K, 0% used [0x00000000f2580000,0x00000000f2580000,0x00000000f4280000)
 ParOldGen       total 102912K, used 84229K [0x00000000a0000000, 0x00000000a6480000, 0x00000000e0000000)
  object space 102912K, 81% used [0x00000000a0000000,0x00000000a5241550,0x00000000a6480000)
 Metaspace       used 78734K, capacity 83582K, committed 83712K, reserved 1122304K
  class space    used 10744K, capacity 11703K, committed 11776K, reserved 1048576K
GC Heap History (10 events):
Event: 304.723 GC heap before
{Heap before GC invocations=22 (full 3):
 PSYoungGen      total 302080K, used 282775K [0x00000000e0000000, 0x00000000f4480000, 0x0000000100000000)
  eden space 272384K, 100% used [0x00000000e0000000,0x00000000f0a00000,0x00000000f0a00000)
  from space 29696K, 34% used [0x00000000f2580000,0x00000000f2fa5dd0,0x00000000f4280000)
  to   space 28160K, 0% used [0x00000000f0a00000,0x00000000f0a00000,0x00000000f2580000)
 ParOldGen       total 102912K, used 67991K [0x00000000a0000000, 0x00000000a6480000, 0x00000000e0000000)
  object space 102912K, 66% used [0x00000000a0000000,0x00000000a4265d98,0x00000000a6480000)
 Metaspace       used 78455K, capacity 83358K, committed 83456K, reserved 1120256K
  class space    used 10740K, capacity 11703K, committed 11776K, reserved 1048576K
Event: 304.741 GC heap after
Heap after GC invocations=22 (full 3):
 PSYoungGen      total 300544K, used 14216K [0x00000000e0000000, 0x00000000f4480000, 0x0000000100000000)
  eden space 272384K, 0% used [0x00000000e0000000,0x00000000e0000000,0x00000000f0a00000)
  from space 28160K, 50% used [0x00000000f0a00000,0x00000000f17e20c0,0x00000000f2580000)
  to   space 29696K, 0% used [0x00000000f2580000,0x00000000f2580000,0x00000000f4280000)
 ParOldGen       total 102912K, used 67999K [0x00000000a0000000, 0x00000000a6480000, 0x00000000e0000000)
  object space 102912K, 66% used [0x00000000a0000000,0x00000000a4267d98,0x00000000a6480000)
 Metaspace       used 78455K, capacity 83358K, committed 83456K, reserved 1120256K
  class space    used 10740K, capacity 11703K, committed 11776K, reserved 1048576K
}
Event: 305.643 GC heap before
{Heap before GC invocations=23 (full 3):
 PSYoungGen      total 300544K, used 286600K [0x00000000e0000000, 0x00000000f4480000, 0x0000000100000000)
  eden space 272384K, 100% used [0x00000000e0000000,0x00000000f0a00000,0x00000000f0a00000)
  from space 28160K, 50% used [0x00000000f0a00000,0x00000000f17e20c0,0x00000000f2580000)
  to   space 29696K, 0% used [0x00000000f2580000,0x00000000f2580000,0x00000000f4280000)
 ParOldGen       total 102912K, used 67999K [0x00000000a0000000, 0x00000000a6480000, 0x00000000e0000000)
  object space 102912K, 66% used [0x00000000a0000000,0x00000000a4267d98,0x00000000a6480000)
 Metaspace       used 78520K, capacity 83378K, committed 83456K, reserved 1120256K
  class space    used 10740K, capacity 11703K, committed 11776K, reserved 1048576K
Event: 305.662 GC heap after
Heap after GC invocations=23 (full 3):
 PSYoungGen      total 302080K, used 14202K [0x00000000e0000000, 0x00000000f4480000, 0x0000000100000000)
  eden space 272384K, 0% used [0x00000000e0000000,0x00000000e0000000,0x00000000f0a00000)
  from space 29696K, 47% used [0x00000000f2580000,0x00000000f335ea28,0x00000000f4280000)
  to   space 28160K, 0% used [0x00000000f0a00000,0x00000000f0a00000,0x00000000f2580000)
 ParOldGen       total 102912K, used 68007K [0x00000000a0000000, 0x00000000a6480000, 0x00000000e0000000)
  object space 102912K, 66% used [0x00000000a0000000,0x00000000a4269d98,0x00000000a6480000)
 Metaspace       used 78520K, capacity 83378K, committed 83456K, reserved 1120256K
  class space    used 10740K, capacity 11703K, committed 11776K, reserved 1048576K
}
Event: 306.521 GC heap before
{Heap before GC invocations=24 (full 3):
 PSYoungGen      total 302080K, used 286586K [0x00000000e0000000, 0x00000000f4480000, 0x0000000100000000)
  eden space 272384K, 100% used [0x00000000e0000000,0x00000000f0a00000,0x00000000f0a00000)
  from space 29696K, 47% used [0x00000000f2580000,0x00000000f335ea28,0x00000000f4280000)
  to   space 28160K, 0% used [0x00000000f0a00000,0x00000000f0a00000,0x00000000f2580000)
 ParOldGen       total 102912K, used 68007K [0x00000000a0000000, 0x00000000a6480000, 0x00000000e0000000)
  object space 102912K, 66% used [0x00000000a0000000,0x00000000a4269d98,0x00000000a6480000)
 Metaspace       used 78597K, capacity 83450K, committed 83712K, reserved 1122304K
  class space    used 10743K, capacity 11703K, committed 11776K, reserved 1048576K
Event: 306.552 GC heap after
Heap after GC invocations=24 (full 3):
 PSYoungGen      total 300544K, used 9757K [0x00000000e0000000, 0x00000000f4480000, 0x0000000100000000)
  eden space 272384K, 0% used [0x00000000e0000000,0x00000000e0000000,0x00000000f0a00000)
  from space 28160K, 34% used [0x00000000f0a00000,0x00000000f13875a0,0x00000000f2580000)
  to   space 29696K, 0% used [0x00000000f2580000,0x00000000f2580000,0x00000000f4280000)
 ParOldGen       total 102912K, used 74479K [0x00000000a0000000, 0x00000000a6480000, 0x00000000e0000000)
  object space 102912K, 72% used [0x00000000a0000000,0x00000000a48bbde8,0x00000000a6480000)
 Metaspace       used 78597K, capacity 83450K, committed 83712K, reserved 1122304K
  class space    used 10743K, capacity 11703K, committed 11776K, reserved 1048576K
}
Event: 307.210 GC heap before
{Heap before GC invocations=25 (full 3):
 PSYoungGen      total 300544K, used 282141K [0x00000000e0000000, 0x00000000f4480000, 0x0000000100000000)
  eden space 272384K, 100% used [0x00000000e0000000,0x00000000f0a00000,0x00000000f0a00000)
  from space 28160K, 34% used [0x00000000f0a00000,0x00000000f13875a0,0x00000000f2580000)
  to   space 29696K, 0% used [0x00000000f2580000,0x00000000f2580000,0x00000000f4280000)
 ParOldGen       total 102912K, used 74479K [0x00000000a0000000, 0x00000000a6480000, 0x00000000e0000000)
  object space 102912K, 72% used [0x00000000a0000000,0x00000000a48bbde8,0x00000000a6480000)
 Metaspace       used 78684K, capacity 83518K, committed 83712K, reserved 1122304K
  class space    used 10743K, capacity 11703K, committed 11776K, reserved 1048576K
Event: 307.241 GC heap after
Heap after GC invocations=25 (full 3):
 PSYoungGen      total 302080K, used 8313K [0x00000000e0000000, 0x00000000f4480000, 0x0000000100000000)
  eden space 272384K, 0% used [0x00000000e0000000,0x00000000e0000000,0x00000000f0a00000)
  from space 29696K, 27% used [0x00000000f2580000,0x00000000f2d9e5c0,0x00000000f4280000)
  to   space 28160K, 0% used [0x00000000f0a00000,0x00000000f0a00000,0x00000000f2580000)
 ParOldGen       total 102912K, used 77781K [0x00000000a0000000, 0x00000000a6480000, 0x00000000e0000000)
  object space 102912K, 75% used [0x00000000a0000000,0x00000000a4bf5648,0x00000000a6480000)
 Metaspace       used 78684K, capacity 83518K, committed 83712K, reserved 1122304K
  class space    used 10743K, capacity 11703K, committed 11776K, reserved 1048576K
}
Event: 308.009 GC heap before
{Heap before GC invocations=26 (full 3):
 PSYoungGen      total 302080K, used 280697K [0x00000000e0000000, 0x00000000f4480000, 0x0000000100000000)
  eden space 272384K, 100% used [0x00000000e0000000,0x00000000f0a00000,0x00000000f0a00000)
  from space 29696K, 27% used [0x00000000f2580000,0x00000000f2d9e5c0,0x00000000f4280000)
  to   space 28160K, 0% used [0x00000000f0a00000,0x00000000f0a00000,0x00000000f2580000)
 ParOldGen       total 102912K, used 77781K [0x00000000a0000000, 0x00000000a6480000, 0x00000000e0000000)
  object space 102912K, 75% used [0x00000000a0000000,0x00000000a4bf5648,0x00000000a6480000)
 Metaspace       used 78703K, capacity 83582K, committed 83712K, reserved 1122304K
  class space    used 10743K, capacity 11703K, committed 11776K, reserved 1048576K
Event: 308.032 GC heap after
Heap after GC invocations=26 (full 3):
 PSYoungGen      total 300544K, used 3537K [0x00000000e0000000, 0x00000000f4480000, 0x0000000100000000)
  eden space 272384K, 0% used [0x00000000e0000000,0x00000000e0000000,0x00000000f0a00000)
  from space 28160K, 12% used [0x00000000f0a00000,0x00000000f0d744d0,0x00000000f2580000)
  to   space 29696K, 0% used [0x00000000f2580000,0x00000000f2580000,0x00000000f4280000)
 ParOldGen       total 102912K, used 84229K [0x00000000a0000000, 0x00000000a6480000, 0x00000000e0000000)
  object space 102912K, 81% used [0x00000000a0000000,0x00000000a5241550,0x00000000a6480000)
 Metaspace       used 78703K, capacity 83582K, committed 83712K, reserved 1122304K
  class space    used 10743K, capacity 11703K, committed 11776K, reserved 1048576K
}

